make all --print-data-base --no-builtin-variables --no-builtin-rules --question
# GNU Make 4.2.1
# Built for x86_64-pc-linux-gnu
# Copyright (C) 1988-2016 Free Software Foundation, Inc.
# License GPLv3+: GNU GPL version 3 or later <http://gnu.org/licenses/gpl.html>
# This is free software: you are free to change and redistribute it.
# There is NO WARRANTY, to the extent permitted by law.

# Make data base, printed on Sun May  8 00:48:37 2022

# Variables

# 'override' directive
GNUMAKEFLAGS := 
# automatic
<D = $(patsubst %/,%,$(dir $<))
# automatic
?F = $(notdir $?)
# environment
DESKTOP_SESSION = ubuntu
# default
.SHELLFLAGS := -c
# environment
XDG_SESSION_CLASS = user
# environment
XDG_SESSION_TYPE = x11
# environment
VSCODE_LOG_NATIVE = false
# automatic
?D = $(patsubst %/,%,$(dir $?))
# environment
IM_CONFIG_PHASE = 1
# automatic
@D = $(patsubst %/,%,$(dir $@))
# environment
XAUTHORITY = /run/user/1000/gdm/Xauthority
# environment
GDMSESSION = ubuntu
# environment
XMODIFIERS = @im=ibus
# makefile
CURDIR := /home/yansi/Projects/golang/go-grpc-product-svc
# makefile
SHELL = /bin/sh
# environment
VSCODE_NLS_CONFIG = {"locale":"es","availableLanguages":{"*":"es"},"_languagePackId":"81204e1a79a1a53aa2a74c293087d05a.es","_translationsConfigFile":"/home/yansi/.config/Code/clp/81204e1a79a1a53aa2a74c293087d05a.es/tcf.json","_cacheRoot":"/home/yansi/.config/Code/clp/81204e1a79a1a53aa2a74c293087d05a.es","_resolvedLanguagePackCoreLocation":"/home/yansi/.config/Code/clp/81204e1a79a1a53aa2a74c293087d05a.es/57fd6d0195bb9b9d1b49f6da5db789060795de47","_corruptedFile":"/home/yansi/.config/Code/clp/81204e1a79a1a53aa2a74c293087d05a.es/corrupted.info","_languagePackSupport":true}
# environment
_ = /usr/bin/dbus-update-activation-environment
# environment
JOURNAL_STREAM = 8:58087
# environment
XDG_CONFIG_DIRS = /etc/xdg/xdg-ubuntu:/etc/xdg
# environment
WALLABY_PRODUCTION = true
# makefile (from 'Makefile', line 1)
MAKEFILE_LIST :=  Makefile
# automatic
@F = $(notdir $@)
# environment
GIO_LAUNCHED_DESKTOP_FILE = /usr/share/applications/code.desktop
# environment
USERNAME = yansi
# environment
XDG_DATA_DIRS = /usr/share/ubuntu:/usr/local/share/:/usr/share/:/var/lib/snapd/desktop
# environment
VSCODE_AMD_ENTRYPOINT = vs/workbench/api/node/extensionHostProcess
# environment
DBUS_SESSION_BUS_ADDRESS = unix:path=/run/user/1000/bus
# environment
VSCODE_VERBOSE_LOGGING = true
# environment
INFOPATH = /home/linuxbrew/.linuxbrew/share/info:
# environment
MANAGERPID = 2383
# environment
VSCODE_IPC_HOOK_EXTHOST = /run/user/1000/vscode-ipc-ef00b675-234e-47dc-8f2f-36094d67e5a1.sock
# environment
VSCODE_CWD = /home/yansi
# environment
GOPROXY = https://proxy.golang.org,direct
# default
MAKE_HOST := x86_64-pc-linux-gnu
# environment
PATH = /home/linuxbrew/.linuxbrew/bin:/home/linuxbrew/.linuxbrew/sbin:/usr/local/sbin:/usr/local/bin:/usr/sbin:/usr/bin:/sbin:/bin:/usr/games:/usr/local/games:/snap/bin
# environment
GPG_AGENT_INFO = /run/user/1000/gnupg/S.gpg-agent:0:1
# environment
SESSION_MANAGER = local/yansi-GL73-9RCX:@/tmp/.ICE-unix/2679,unix/yansi-GL73-9RCX:/tmp/.ICE-unix/2679
# environment
XDG_RUNTIME_DIR = /run/user/1000
# environment
GOPATH = /home/yansi/go
# environment
XDG_MENU_PREFIX = gnome-
# environment
VSCODE_LOG_STACK = false
# environment
ELECTRON_RUN_AS_NODE = 1
# environment
INVOCATION_ID = 70c4a8e6aa3243bdbd836ca59a84a221
# default
.FEATURES := target-specific order-only second-expansion else-if shortest-stem undefine oneshell archives jobserver output-sync check-symlink load
# environment
XDG_SESSION_DESKTOP = ubuntu
# environment
SSH_AUTH_SOCK = /run/user/1000/keyring/ssh
# environment
GIO_LAUNCHED_DESKTOP_FILE_PID = 136026
# automatic
%F = $(notdir $%)
# environment
DISPLAY = :1
# environment
VSCODE_PIPE_LOGGING = true
# environment
PWD = /home/yansi/Projects/golang/go-grpc-product-svc
# default
.LOADED := 
# environment
SSH_AGENT_PID = 2618
# environment
ORIGINAL_XDG_CURRENT_DESKTOP = ubuntu:GNOME
# environment
GTK_MODULES = gail:atk-bridge
# environment
MANPATH = /home/linuxbrew/.linuxbrew/share/man:
# environment
GOMODCACHE = /home/yansi/go/pkg/mod
# environment
HOME = /home/yansi
# environment
HOMEBREW_CELLAR = /home/linuxbrew/.linuxbrew/Cellar
# environment
VSCODE_CODE_CACHE_PATH = /home/yansi/.config/Code/CachedData/57fd6d0195bb9b9d1b49f6da5db789060795de47
# environment
LOGNAME = yansi
# environment
APPLICATION_INSIGHTS_NO_DIAGNOSTIC_CHANNEL = true
# environment
VSCODE_HANDLES_UNCAUGHT_ERRORS = true
# environment
GNOME_DESKTOP_SESSION_ID = this-is-deprecated
# automatic
^D = $(patsubst %/,%,$(dir $^))
# environment
MAKELEVEL := 0
# default
MAKE = $(MAKE_COMMAND)
# default
MAKECMDGOALS := all
# environment
QT_IM_MODULE = ibus
# environment
SHLVL = 1
# environment
GNOME_SHELL_SESSION_MODE = ubuntu
# default
MAKE_VERSION := 4.2.1
# environment
USER = yansi
# makefile
.DEFAULT_GOAL := proto
# environment
XDG_CURRENT_DESKTOP = Unity
# automatic
%D = $(patsubst %/,%,$(dir $%))
# default
MAKE_COMMAND := make
# default
.VARIABLES := 
# automatic
*F = $(notdir $*)
# environment
LANGUAGE = es_DO:es
# environment
VSCODE_IPC_HOOK = /run/user/1000/vscode-e305401d-1.67.0-main.sock
# makefile
MAKEFLAGS = pqrR
# environment
MFLAGS = -pqrR
# automatic
*D = $(patsubst %/,%,$(dir $*))
# environment
HOMEBREW_PREFIX = /home/linuxbrew/.linuxbrew
# automatic
+D = $(patsubst %/,%,$(dir $+))
# environment
GDK_BACKEND = x11
# automatic
+F = $(notdir $+)
# environment
HOMEBREW_REPOSITORY = /home/linuxbrew/.linuxbrew/Homebrew
# environment
QT_ACCESSIBILITY = 1
# default
MAKEFILES := 
# automatic
<F = $(notdir $<)
# environment
LC_ALL = C
# environment
GJS_DEBUG_TOPICS = JS ERROR;JS LOG
# automatic
^F = $(notdir $^)
# default
SUFFIXES := 
# environment
CHROME_DESKTOP = code-url-handler.desktop
# environment
WINDOWPATH = 2
# default
.INCLUDE_DIRS = /usr/include /usr/local/include /usr/include
# environment
GJS_DEBUG_OUTPUT = stderr
# default
.RECIPEPREFIX := 
# environment
LANG = C
# environment
VSCODE_PID = 136026
# variable set hash-table stats:
# Load=104/1024=10%, Rehash=0, Collisions=14/129=11%

# Pattern-specific Variable Values

# No pattern-specific variable values.

# Directories

# . (device 2053, inode 3947795): 12 files, no impossibilities.

# 12 files, no impossibilities in 1 directories.

# Implicit Rules

# No implicit rules.

# Files

# Not a target:
all:
#  Command line target.
#  Implicit rule search has been done.
#  File does not exist.
#  File has not been updated.

# Not a target:
Makefile:
#  Implicit rule search has been done.
#  Last modified 2022-05-08 00:48:22.033039202
#  File has been updated.
#  Successfully updated.

server:
#  Implicit rule search has not been done.
#  Modification time never checked.
#  File has not been updated.
#  recipe to execute (from 'Makefile', line 5):
	go run cmd/main.go

proto:
#  Implicit rule search has not been done.
#  Modification time never checked.
#  File has not been updated.
#  recipe to execute (from 'Makefile', line 2):
	protoc pkg/pb/*.proto --go-grpc_out=. --go_out=.

# Not a target:
.DEFAULT:
#  Implicit rule search has not been done.
#  Modification time never checked.
#  File has not been updated.

# files hash-table stats:
# Load=6/1024=1%, Rehash=0, Collisions=1/16=6%
# VPATH Search Paths

# No 'vpath' search paths.

# No general ('VPATH' variable) search path.

# strcache buffers: 1 (0) / strings = 19 / storage = 153 B / avg = 8 B
# current buf: size = 8162 B / used = 153 B / count = 19 / avg = 8 B
 
make: *** No rule to make target 'all'.  Stop.


# strcache performance: lookups = 25 / hit rate = 24%
# hash-table stats:
# Load=19/8192=0%, Rehash=0, Collisions=1/25=4%
# Finished Make data base on Sun May  8 00:48:37 2022

 
